<?xml version="1.0" encoding="UTF-8"?>
<testsuite name="com.fortify.plugin.burp.BurpParserPluginTest" tests="2" skipped="0" failures="0" errors="0" timestamp="2026-04-02T16:57:10" hostname="PACMAN" time="1.304">
  <properties/>
  <testcase name="testParseScan()" classname="com.fortify.plugin.burp.BurpParserPluginTest" time="1.282"/>
  <testcase name="testParseVulnerabilities()" classname="com.fortify.plugin.burp.BurpParserPluginTest" time="0.019"/>
  <system-out><![CDATA[]]></system-out>
  <system-err><![CDATA[WARNING: A Java agent has been loaded dynamically (C:\Users\ptkva\.gradle\caches\modules-2\files-2.1\net.bytebuddy\byte-buddy-agent\1.14.4\3bf5ac1104554908cc623e40e58a00be37c35f36\byte-buddy-agent-1.14.4.jar)
WARNING: If a serviceability tool is in use, please run with -XX:+EnableDynamicAgentLoading to hide this warning
WARNING: If a serviceability tool is not in use, please run with -Djdk.instrument.traceUsage for more information
WARNING: Dynamic loading of agents will be disallowed by default in a future release
]]></system-err>
</testsuite>
